timestamp: 2023-06-03T17:27:41.146498
CREATE TABLE "auth_user"(
    "id" INTEGER PRIMARY KEY AUTOINCREMENT,
    "username" CHAR(512) UNIQUE,
    "email" CHAR(512) UNIQUE,
    "password" CHAR(512),
    "first_name" CHAR(512),
    "last_name" CHAR(512),
    "sso_id" CHAR(512),
    "action_token" CHAR(512),
    "last_password_change" TIMESTAMP,
    "past_passwords_hash" TEXT
);
success!
timestamp: 2023-06-03T17:27:41.155502
CREATE TABLE "auth_user_tag_groups"(
    "id" INTEGER PRIMARY KEY AUTOINCREMENT,
    "tagpath" CHAR(512),
    "record_id" INTEGER REFERENCES "auth_user" ("id") ON DELETE CASCADE ON UPDATE CASCADE  
);
success!
timestamp: 2023-06-03T17:27:41.161502
CREATE TABLE "draw"(
    "id" INTEGER PRIMARY KEY AUTOINCREMENT,
    "word" CHAR(512),
    "user_id" CHAR(512),
    "url" CHAR(512),
    "created_on" TIMESTAMP,
    "created_by" INTEGER REFERENCES "auth_user" ("id") ON DELETE CASCADE ON UPDATE CASCADE  ,
    "modified_on" TIMESTAMP,
    "modified_by" INTEGER REFERENCES "auth_user" ("id") ON DELETE CASCADE ON UPDATE CASCADE  ,
    "is_active" CHAR(1)
);
success!
timestamp: 2023-06-03T17:27:41.165502
CREATE TABLE "words"(
    "id" INTEGER PRIMARY KEY AUTOINCREMENT,
    "word" CHAR(512),
    "category" CHAR(512),
    "num_let" CHAR(512)
);
success!
