timestamp: 2023-06-09T13:45:47.501289
CREATE TABLE "auth_user"(
    "id" INTEGER PRIMARY KEY AUTOINCREMENT,
    "username" CHAR(512) UNIQUE,
    "email" CHAR(512) UNIQUE,
    "password" CHAR(512),
    "first_name" CHAR(512),
    "last_name" CHAR(512),
    "sso_id" CHAR(512),
    "action_token" CHAR(512),
    "last_password_change" TIMESTAMP,
    "past_passwords_hash" TEXT
);
success!
timestamp: 2023-06-09T13:45:47.505865
CREATE TABLE "auth_user_tag_groups"(
    "id" INTEGER PRIMARY KEY AUTOINCREMENT,
    "tagpath" CHAR(512),
    "record_id" INTEGER REFERENCES "auth_user" ("id") ON DELETE CASCADE ON UPDATE CASCADE  
);
success!
timestamp: 2023-06-09T13:45:47.509863
CREATE TABLE "draw"(
    "id" INTEGER PRIMARY KEY AUTOINCREMENT,
    "word" CHAR(512),
    "user_id" INTEGER REFERENCES "auth_user" ("id") ON DELETE CASCADE ON UPDATE CASCADE  ,
    "url" CHAR(512),
    "created_on" TIMESTAMP,
    "created_by" INTEGER REFERENCES "auth_user" ("id") ON DELETE CASCADE ON UPDATE CASCADE  ,
    "modified_on" TIMESTAMP,
    "modified_by" INTEGER REFERENCES "auth_user" ("id") ON DELETE CASCADE ON UPDATE CASCADE  ,
    "is_active" CHAR(1)
);
success!
timestamp: 2023-06-09T13:45:47.512863
CREATE TABLE "result"(
    "id" INTEGER PRIMARY KEY AUTOINCREMENT,
    "win" CHAR(512),
    "user_id" INTEGER REFERENCES "auth_user" ("id") ON DELETE CASCADE ON UPDATE CASCADE  ,
    "draw_id" INTEGER REFERENCES "draw" ("id") ON DELETE CASCADE ON UPDATE CASCADE  
);
success!
timestamp: 2023-06-09T13:45:47.514768
CREATE TABLE "words"(
    "id" INTEGER PRIMARY KEY AUTOINCREMENT,
    "word" CHAR(512),
    "category" CHAR(512)
);
success!
